---
driver=<class 'textual._linux_driver.LinuxDriver'>
Load() >>> MyApp(title='Textual')
Mount() >>> MyApp(title='OpShell v1.0')
Mount() >>> DockView(name='DockView#1')
Mount() >>> Header('')
Mount() >>> ScrollView(name='ScrollView#1')
Mount() >>> ScrollView(name='ScrollView#1')
Mount() >>> Stock_Prices(name='Stock_Prices#1')
Mount() >>> WindowView(name='WindowView#1')
TRANSLATING layout
view.forwarded Key(key='r')
Key(key='r') >>> MyApp(title='OpShell v1.0')
ACTION MyApp(title='OpShell v1.0') screener
view.forwarded Key(key='r')
Key(key='r') >>> MyApp(title='OpShell v1.0')
ACTION MyApp(title='OpShell v1.0') screener
view.forwarded Key(key='s')
Key(key='s') >>> MyApp(title='OpShell v1.0')
ACTION DockView(name='DockView#1') toggle
set_focus Static(name='Static#1')
MouseDown(x=11, y=5, screen_y=8, button=1) >>> Static(name='Static#1')
MouseUp(x=43, y=16, screen_y=19, button=1) >>> Static(name='Static#1')
Click(x=43, y=16, screen_y=19, button=1) >>> Static(name='Static#1')
Key(key='s') >>> MyApp(title='OpShell v1.0')
ACTION DockView(name='DockView#1') toggle
Key(key='q') >>> MyApp(title='OpShell v1.0')
ACTION MyApp(title='OpShell v1.0') quit
CLOSED MyApp(title='OpShell v1.0')
PROCESS END
CLOSED ScrollBar(virtual_size=100, window_size=0, position=0)
CLOSED MyFooter(keys=[])
CLOSED Header('OpShell v1.0')
CLOSED WindowView(name='WindowView#1')
CLOSED Static(name='Static#1')
CLOSED Static(name='Static#4')
CLOSED Static(name='Static#3')
CLOSED ScrollBar(virtual_size=100, window_size=0, position=0)
CLOSED DockView(name='DockView#1')
CLOSED Stock_Prices(name='Stock_Prices#1')
